<?xml version="1.0" encoding="UTF-8"?>
<testsuite name="FirstTest" tests="1" skipped="0" failures="0" errors="0" timestamp="2020-01-29T08:49:01" hostname="UsudanoMacBook-Pro.local" time="0.01">
  <properties/>
  <testcase name="test()" classname="FirstTest" time="0.01"/>
  <system-out><![CDATA[]]></system-out>
  <system-err><![CDATA[]]></system-err>
</testsuite>
